1h 39m 55s remaining ALIVE
1h 38m 56s remaining ALIVE
1h 37m 55s remaining ALIVE
1h 36m 56s remaining ALIVE
1d 11h 59m 11s remaining ALIVE
1d 11h 58m 11s remaining ALIVE
1d 11h 57m 11s remaining ALIVE
1d 11h 59m 54s remaining ALIVE
1d 11h 58m 55s remaining ALIVE
1d 11h 57m 54s remaining ALIVE
1d 11h 56m 54s remaining ALIVE
State unknown
/opt/dman/dman-client.sh: line 3: dman-client-config.sh: No such file or directory
Failed to source configuration
1d 11h 53m 54s remaining ALIVE
1d 11h 52m 54s remaining ALIVE
1d 11h 51m 55s remaining ALIVE
1d 11h 50m 54s remaining ALIVE
1d 11h 49m 55s remaining ALIVE
1d 11h 48m 54s remaining ALIVE
1d 11h 47m 55s remaining ALIVE
1d 11h 46m 55s remaining ALIVE
1d 11h 45m 54s remaining ALIVE
1d 11h 44m 55s remaining ALIVE
State unknown
1d 11h 42m 55s remaining ALIVE
1d 11h 59m 22s remaining ALIVE
1d 11h 58m 22s remaining ALIVE
1d 11h 57m 23s remaining ALIVE
